<?xml version="1.0" encoding="UTF-8"?>
<!-- Generated by org.testng.reporters.JUnitReportReporter -->
<testsuite hostname="Lenovo-pc" name="com.windowhandles.MultipleWindowsClass" tests="1" failures="0" timestamp="14 Apr 2019 18:45:09 GMT" time="27.528" errors="0">
  <testcase name="testMultipleWindows" time="27.528" classname="com.windowhandles.MultipleWindowsClass"/>
</testsuite> <!-- com.windowhandles.MultipleWindowsClass -->
