<?xml version="1.0" encoding="UTF-8"?>
<!-- Generated by org.testng.reporters.JUnitReportReporter -->
<testsuite hostname="Lenovo-pc" name="com.windowhandles.window_haandle" tests="1" failures="0" timestamp="16 Apr 2019 16:29:15 GMT" time="56.900" errors="0">
  <testcase name="HandleMultipleWindow" time="56.900" classname="com.windowhandles.window_haandle"/>
</testsuite> <!-- com.windowhandles.window_haandle -->
