<?xml version="1.0" encoding="UTF-8"?>
<!-- Generated by org.testng.reporters.JUnitReportReporter -->
<testsuite hostname="Lenovo-pc" name="com.windowhandles.WindowExamples" tests="1" failures="0" timestamp="15 Apr 2019 00:46:03 GMT" time="39.257" errors="0">
  <testcase name="test_CloseAllWindowsExceptMainWindow" time="39.257" classname="com.windowhandles.WindowExamples"/>
</testsuite> <!-- com.windowhandles.WindowExamples -->
